<?xml version="1.0" encoding="UTF-8"?>
<!-- Generated by org.testng.reporters.JUnitReportReporter -->
<testsuite hostname="Masthan" failures="0" tests="9" name="testRunner.AppTest" time="0.217" errors="9" timestamp="2026-04-05T11:42:54 IST" skipped="0">
  <testcase classname="testRunner.AppTest" name="runScenario" time="0.008">
    <error message="The step &#039;User is on the Login Page&#039; and 12 other step(s) are undefined.
You can implement these steps using the snippet(s) below:

@Given(&quot;User is on the Login Page&quot;)
public void user_is_on_the_login_page() {
    // Write code here that turns the phrase above into concrete actions
    throw new io.cucumber.java.PendingException();
}
@When(&quot;User enters username {string} and password {string}&quot;)
public void user_enters_username_and_password(String string, String string2) {
    // Write code here that turns the phrase above into concrete actions
    throw new io.cucumber.java.PendingException();
}
@When(&quot;clicks on Login button&quot;)
public void clicks_on_login_button() {
    // Write code here that turns the phrase above into concrete actions
    throw new io.cucumber.java.PendingException();
}
@Then(&quot;Dashboard should be displayed&quot;)
public void dashboard_should_be_displayed() {
    // Write code here that turns the phrase above into concrete actions
    throw new io.cucumber.java.PendingException();
}
@When(&quot;user should navigate to add customer page&quot;)
public void user_should_navigate_to_add_customer_page() {
    // Write code here that turns the phrase above into concrete actions
    throw new io.cucumber.java.PendingException();
}
@When(&quot;Capture customer number&quot;)
public void capture_customer_number() {
    // Write code here that turns the phrase above into concrete actions
    throw new io.cucumber.java.PendingException();
}
@When(&quot;user enter customer details {string},{string},{string},{string},{string},{string},{string},{string},{string}&quot;)
public void user_enter_customer_details(String string, String string2, String string3, String string4, String string5, String string6, String string7, String string8, String string9) {
    // Write code here that turns the phrase above into concrete actions
    throw new io.cucumber.java.PendingException();
}
@When(&quot;user click add button&quot;)
public void user_click_add_button() {
    // Write code here that turns the phrase above into concrete actions
    throw new io.cucumber.java.PendingException();
}
@When(&quot;user click confirm ok&quot;)
public void user_click_confirm_ok() {
    // Write code here that turns the phrase above into concrete actions
    throw new io.cucumber.java.PendingException();
}
@When(&quot;user click alert ok button&quot;)
public void user_click_alert_ok_button() {
    // Write code here that turns the phrase above into concrete actions
    throw new io.cucumber.java.PendingException();
}
@When(&quot;user should search for customer number&quot;)
public void user_should_search_for_customer_number() {
    // Write code here that turns the phrase above into concrete actions
    throw new io.cucumber.java.PendingException();
}
@Then(&quot;user should validate customer number in table&quot;)
public void user_should_validate_customer_number_in_table() {
    // Write code here that turns the phrase above into concrete actions
    throw new io.cucumber.java.PendingException();
}
@When(&quot;user close browser&quot;)
public void user_close_browser() {
    // Write code here that turns the phrase above into concrete actions
    throw new io.cucumber.java.PendingException();
}
" type="io.cucumber.testng.UndefinedStepException">
      <![CDATA[io.cucumber.testng.UndefinedStepException: The step 'User is on the Login Page' and 12 other step(s) are undefined.
You can implement these steps using the snippet(s) below:

@Given("User is on the Login Page")
public void user_is_on_the_login_page() {
    // Write code here that turns the phrase above into concrete actions
    throw new io.cucumber.java.PendingException();
}
@When("User enters username {string} and password {string}")
public void user_enters_username_and_password(String string, String string2) {
    // Write code here that turns the phrase above into concrete actions
    throw new io.cucumber.java.PendingException();
}
@When("clicks on Login button")
public void clicks_on_login_button() {
    // Write code here that turns the phrase above into concrete actions
    throw new io.cucumber.java.PendingException();
}
@Then("Dashboard should be displayed")
public void dashboard_should_be_displayed() {
    // Write code here that turns the phrase above into concrete actions
    throw new io.cucumber.java.PendingException();
}
@When("user should navigate to add customer page")
public void user_should_navigate_to_add_customer_page() {
    // Write code here that turns the phrase above into concrete actions
    throw new io.cucumber.java.PendingException();
}
@When("Capture customer number")
public void capture_customer_number() {
    // Write code here that turns the phrase above into concrete actions
    throw new io.cucumber.java.PendingException();
}
@When("user enter customer details {string},{string},{string},{string},{string},{string},{string},{string},{string}")
public void user_enter_customer_details(String string, String string2, String string3, String string4, String string5, String string6, String string7, String string8, String string9) {
    // Write code here that turns the phrase above into concrete actions
    throw new io.cucumber.java.PendingException();
}
@When("user click add button")
public void user_click_add_button() {
    // Write code here that turns the phrase above into concrete actions
    throw new io.cucumber.java.PendingException();
}
@When("user click confirm ok")
public void user_click_confirm_ok() {
    // Write code here that turns the phrase above into concrete actions
    throw new io.cucumber.java.PendingException();
}
@When("user click alert ok button")
public void user_click_alert_ok_button() {
    // Write code here that turns the phrase above into concrete actions
    throw new io.cucumber.java.PendingException();
}
@When("user should search for customer number")
public void user_should_search_for_customer_number() {
    // Write code here that turns the phrase above into concrete actions
    throw new io.cucumber.java.PendingException();
}
@Then("user should validate customer number in table")
public void user_should_validate_customer_number_in_table() {
    // Write code here that turns the phrase above into concrete actions
    throw new io.cucumber.java.PendingException();
}
@When("user close browser")
public void user_close_browser() {
    // Write code here that turns the phrase above into concrete actions
    throw new io.cucumber.java.PendingException();
}

at ✽.User is on the Login Page(file:///C:/Users/mmast/eclipse-workspace/ERP_Cucumber/./featurefiles/ERP.feature:6)
]]>
    </error>
  </testcase> <!-- runScenario -->
  <testcase classname="testRunner.AppTest" name="runScenario" time="0.011">
    <error message="The step &#039;User is on the Login Page&#039; and 12 other step(s) are undefined.
You can implement these steps using the snippet(s) below:

@Given(&quot;User is on the Login Page&quot;)
public void user_is_on_the_login_page() {
    // Write code here that turns the phrase above into concrete actions
    throw new io.cucumber.java.PendingException();
}
@When(&quot;User enters username {string} and password {string}&quot;)
public void user_enters_username_and_password(String string, String string2) {
    // Write code here that turns the phrase above into concrete actions
    throw new io.cucumber.java.PendingException();
}
@When(&quot;clicks on Login button&quot;)
public void clicks_on_login_button() {
    // Write code here that turns the phrase above into concrete actions
    throw new io.cucumber.java.PendingException();
}
@Then(&quot;Dashboard should be displayed&quot;)
public void dashboard_should_be_displayed() {
    // Write code here that turns the phrase above into concrete actions
    throw new io.cucumber.java.PendingException();
}
@When(&quot;user should navigate to add customer page&quot;)
public void user_should_navigate_to_add_customer_page() {
    // Write code here that turns the phrase above into concrete actions
    throw new io.cucumber.java.PendingException();
}
@When(&quot;Capture customer number&quot;)
public void capture_customer_number() {
    // Write code here that turns the phrase above into concrete actions
    throw new io.cucumber.java.PendingException();
}
@When(&quot;user enter customer details {string},{string},{string},{string},{string},{string},{string},{string},{string}&quot;)
public void user_enter_customer_details(String string, String string2, String string3, String string4, String string5, String string6, String string7, String string8, String string9) {
    // Write code here that turns the phrase above into concrete actions
    throw new io.cucumber.java.PendingException();
}
@When(&quot;user click add button&quot;)
public void user_click_add_button() {
    // Write code here that turns the phrase above into concrete actions
    throw new io.cucumber.java.PendingException();
}
@When(&quot;user click confirm ok&quot;)
public void user_click_confirm_ok() {
    // Write code here that turns the phrase above into concrete actions
    throw new io.cucumber.java.PendingException();
}
@When(&quot;user click alert ok button&quot;)
public void user_click_alert_ok_button() {
    // Write code here that turns the phrase above into concrete actions
    throw new io.cucumber.java.PendingException();
}
@When(&quot;user should search for customer number&quot;)
public void user_should_search_for_customer_number() {
    // Write code here that turns the phrase above into concrete actions
    throw new io.cucumber.java.PendingException();
}
@Then(&quot;user should validate customer number in table&quot;)
public void user_should_validate_customer_number_in_table() {
    // Write code here that turns the phrase above into concrete actions
    throw new io.cucumber.java.PendingException();
}
@When(&quot;user close browser&quot;)
public void user_close_browser() {
    // Write code here that turns the phrase above into concrete actions
    throw new io.cucumber.java.PendingException();
}
" type="io.cucumber.testng.UndefinedStepException">
      <![CDATA[io.cucumber.testng.UndefinedStepException: The step 'User is on the Login Page' and 12 other step(s) are undefined.
You can implement these steps using the snippet(s) below:

@Given("User is on the Login Page")
public void user_is_on_the_login_page() {
    // Write code here that turns the phrase above into concrete actions
    throw new io.cucumber.java.PendingException();
}
@When("User enters username {string} and password {string}")
public void user_enters_username_and_password(String string, String string2) {
    // Write code here that turns the phrase above into concrete actions
    throw new io.cucumber.java.PendingException();
}
@When("clicks on Login button")
public void clicks_on_login_button() {
    // Write code here that turns the phrase above into concrete actions
    throw new io.cucumber.java.PendingException();
}
@Then("Dashboard should be displayed")
public void dashboard_should_be_displayed() {
    // Write code here that turns the phrase above into concrete actions
    throw new io.cucumber.java.PendingException();
}
@When("user should navigate to add customer page")
public void user_should_navigate_to_add_customer_page() {
    // Write code here that turns the phrase above into concrete actions
    throw new io.cucumber.java.PendingException();
}
@When("Capture customer number")
public void capture_customer_number() {
    // Write code here that turns the phrase above into concrete actions
    throw new io.cucumber.java.PendingException();
}
@When("user enter customer details {string},{string},{string},{string},{string},{string},{string},{string},{string}")
public void user_enter_customer_details(String string, String string2, String string3, String string4, String string5, String string6, String string7, String string8, String string9) {
    // Write code here that turns the phrase above into concrete actions
    throw new io.cucumber.java.PendingException();
}
@When("user click add button")
public void user_click_add_button() {
    // Write code here that turns the phrase above into concrete actions
    throw new io.cucumber.java.PendingException();
}
@When("user click confirm ok")
public void user_click_confirm_ok() {
    // Write code here that turns the phrase above into concrete actions
    throw new io.cucumber.java.PendingException();
}
@When("user click alert ok button")
public void user_click_alert_ok_button() {
    // Write code here that turns the phrase above into concrete actions
    throw new io.cucumber.java.PendingException();
}
@When("user should search for customer number")
public void user_should_search_for_customer_number() {
    // Write code here that turns the phrase above into concrete actions
    throw new io.cucumber.java.PendingException();
}
@Then("user should validate customer number in table")
public void user_should_validate_customer_number_in_table() {
    // Write code here that turns the phrase above into concrete actions
    throw new io.cucumber.java.PendingException();
}
@When("user close browser")
public void user_close_browser() {
    // Write code here that turns the phrase above into concrete actions
    throw new io.cucumber.java.PendingException();
}

at ✽.User is on the Login Page(file:///C:/Users/mmast/eclipse-workspace/ERP_Cucumber/./featurefiles/ERP.feature:6)
]]>
    </error>
  </testcase> <!-- runScenario -->
  <testcase classname="testRunner.AppTest" name="runScenario" time="0.012">
    <error message="The step &#039;User is on the Login Page&#039; and 12 other step(s) are undefined.
You can implement these steps using the snippet(s) below:

@Given(&quot;User is on the Login Page&quot;)
public void user_is_on_the_login_page() {
    // Write code here that turns the phrase above into concrete actions
    throw new io.cucumber.java.PendingException();
}
@When(&quot;User enters username {string} and password {string}&quot;)
public void user_enters_username_and_password(String string, String string2) {
    // Write code here that turns the phrase above into concrete actions
    throw new io.cucumber.java.PendingException();
}
@When(&quot;clicks on Login button&quot;)
public void clicks_on_login_button() {
    // Write code here that turns the phrase above into concrete actions
    throw new io.cucumber.java.PendingException();
}
@Then(&quot;Dashboard should be displayed&quot;)
public void dashboard_should_be_displayed() {
    // Write code here that turns the phrase above into concrete actions
    throw new io.cucumber.java.PendingException();
}
@When(&quot;user should navigate to add supplier page&quot;)
public void user_should_navigate_to_add_supplier_page() {
    // Write code here that turns the phrase above into concrete actions
    throw new io.cucumber.java.PendingException();
}
@When(&quot;Capture Supplier number&quot;)
public void capture_supplier_number() {
    // Write code here that turns the phrase above into concrete actions
    throw new io.cucumber.java.PendingException();
}
@When(&quot;user enter supplier details {string},{string},{string},{string},{string},{string},{string},{string},{string}&quot;)
public void user_enter_supplier_details(String string, String string2, String string3, String string4, String string5, String string6, String string7, String string8, String string9) {
    // Write code here that turns the phrase above into concrete actions
    throw new io.cucumber.java.PendingException();
}
@When(&quot;user click add button&quot;)
public void user_click_add_button() {
    // Write code here that turns the phrase above into concrete actions
    throw new io.cucumber.java.PendingException();
}
@When(&quot;user click confirm ok&quot;)
public void user_click_confirm_ok() {
    // Write code here that turns the phrase above into concrete actions
    throw new io.cucumber.java.PendingException();
}
@When(&quot;user click alert ok button&quot;)
public void user_click_alert_ok_button() {
    // Write code here that turns the phrase above into concrete actions
    throw new io.cucumber.java.PendingException();
}
@When(&quot;user should search for supplier number&quot;)
public void user_should_search_for_supplier_number() {
    // Write code here that turns the phrase above into concrete actions
    throw new io.cucumber.java.PendingException();
}
@Then(&quot;user should validate supplier number in table&quot;)
public void user_should_validate_supplier_number_in_table() {
    // Write code here that turns the phrase above into concrete actions
    throw new io.cucumber.java.PendingException();
}
@When(&quot;user close browser&quot;)
public void user_close_browser() {
    // Write code here that turns the phrase above into concrete actions
    throw new io.cucumber.java.PendingException();
}
" type="io.cucumber.testng.UndefinedStepException">
      <![CDATA[io.cucumber.testng.UndefinedStepException: The step 'User is on the Login Page' and 12 other step(s) are undefined.
You can implement these steps using the snippet(s) below:

@Given("User is on the Login Page")
public void user_is_on_the_login_page() {
    // Write code here that turns the phrase above into concrete actions
    throw new io.cucumber.java.PendingException();
}
@When("User enters username {string} and password {string}")
public void user_enters_username_and_password(String string, String string2) {
    // Write code here that turns the phrase above into concrete actions
    throw new io.cucumber.java.PendingException();
}
@When("clicks on Login button")
public void clicks_on_login_button() {
    // Write code here that turns the phrase above into concrete actions
    throw new io.cucumber.java.PendingException();
}
@Then("Dashboard should be displayed")
public void dashboard_should_be_displayed() {
    // Write code here that turns the phrase above into concrete actions
    throw new io.cucumber.java.PendingException();
}
@When("user should navigate to add supplier page")
public void user_should_navigate_to_add_supplier_page() {
    // Write code here that turns the phrase above into concrete actions
    throw new io.cucumber.java.PendingException();
}
@When("Capture Supplier number")
public void capture_supplier_number() {
    // Write code here that turns the phrase above into concrete actions
    throw new io.cucumber.java.PendingException();
}
@When("user enter supplier details {string},{string},{string},{string},{string},{string},{string},{string},{string}")
public void user_enter_supplier_details(String string, String string2, String string3, String string4, String string5, String string6, String string7, String string8, String string9) {
    // Write code here that turns the phrase above into concrete actions
    throw new io.cucumber.java.PendingException();
}
@When("user click add button")
public void user_click_add_button() {
    // Write code here that turns the phrase above into concrete actions
    throw new io.cucumber.java.PendingException();
}
@When("user click confirm ok")
public void user_click_confirm_ok() {
    // Write code here that turns the phrase above into concrete actions
    throw new io.cucumber.java.PendingException();
}
@When("user click alert ok button")
public void user_click_alert_ok_button() {
    // Write code here that turns the phrase above into concrete actions
    throw new io.cucumber.java.PendingException();
}
@When("user should search for supplier number")
public void user_should_search_for_supplier_number() {
    // Write code here that turns the phrase above into concrete actions
    throw new io.cucumber.java.PendingException();
}
@Then("user should validate supplier number in table")
public void user_should_validate_supplier_number_in_table() {
    // Write code here that turns the phrase above into concrete actions
    throw new io.cucumber.java.PendingException();
}
@When("user close browser")
public void user_close_browser() {
    // Write code here that turns the phrase above into concrete actions
    throw new io.cucumber.java.PendingException();
}

at ✽.User is on the Login Page(file:///C:/Users/mmast/eclipse-workspace/ERP_Cucumber/./featurefiles/ERP.feature:6)
]]>
    </error>
  </testcase> <!-- runScenario -->
  <testcase classname="testRunner.AppTest" name="runScenario" time="0.012">
    <error message="The step &#039;User is on the Login Page&#039; and 12 other step(s) are undefined.
You can implement these steps using the snippet(s) below:

@Given(&quot;User is on the Login Page&quot;)
public void user_is_on_the_login_page() {
    // Write code here that turns the phrase above into concrete actions
    throw new io.cucumber.java.PendingException();
}
@When(&quot;User enters username {string} and password {string}&quot;)
public void user_enters_username_and_password(String string, String string2) {
    // Write code here that turns the phrase above into concrete actions
    throw new io.cucumber.java.PendingException();
}
@When(&quot;clicks on Login button&quot;)
public void clicks_on_login_button() {
    // Write code here that turns the phrase above into concrete actions
    throw new io.cucumber.java.PendingException();
}
@Then(&quot;Dashboard should be displayed&quot;)
public void dashboard_should_be_displayed() {
    // Write code here that turns the phrase above into concrete actions
    throw new io.cucumber.java.PendingException();
}
@When(&quot;user should navigate to add customer page&quot;)
public void user_should_navigate_to_add_customer_page() {
    // Write code here that turns the phrase above into concrete actions
    throw new io.cucumber.java.PendingException();
}
@When(&quot;Capture customer number&quot;)
public void capture_customer_number() {
    // Write code here that turns the phrase above into concrete actions
    throw new io.cucumber.java.PendingException();
}
@When(&quot;user enter customer details {string},{string},{string},{string},{string},{string},{string},{string},{string}&quot;)
public void user_enter_customer_details(String string, String string2, String string3, String string4, String string5, String string6, String string7, String string8, String string9) {
    // Write code here that turns the phrase above into concrete actions
    throw new io.cucumber.java.PendingException();
}
@When(&quot;user click add button&quot;)
public void user_click_add_button() {
    // Write code here that turns the phrase above into concrete actions
    throw new io.cucumber.java.PendingException();
}
@When(&quot;user click confirm ok&quot;)
public void user_click_confirm_ok() {
    // Write code here that turns the phrase above into concrete actions
    throw new io.cucumber.java.PendingException();
}
@When(&quot;user click alert ok button&quot;)
public void user_click_alert_ok_button() {
    // Write code here that turns the phrase above into concrete actions
    throw new io.cucumber.java.PendingException();
}
@When(&quot;user should search for customer number&quot;)
public void user_should_search_for_customer_number() {
    // Write code here that turns the phrase above into concrete actions
    throw new io.cucumber.java.PendingException();
}
@Then(&quot;user should validate customer number in table&quot;)
public void user_should_validate_customer_number_in_table() {
    // Write code here that turns the phrase above into concrete actions
    throw new io.cucumber.java.PendingException();
}
@When(&quot;user close browser&quot;)
public void user_close_browser() {
    // Write code here that turns the phrase above into concrete actions
    throw new io.cucumber.java.PendingException();
}
" type="io.cucumber.testng.UndefinedStepException">
      <![CDATA[io.cucumber.testng.UndefinedStepException: The step 'User is on the Login Page' and 12 other step(s) are undefined.
You can implement these steps using the snippet(s) below:

@Given("User is on the Login Page")
public void user_is_on_the_login_page() {
    // Write code here that turns the phrase above into concrete actions
    throw new io.cucumber.java.PendingException();
}
@When("User enters username {string} and password {string}")
public void user_enters_username_and_password(String string, String string2) {
    // Write code here that turns the phrase above into concrete actions
    throw new io.cucumber.java.PendingException();
}
@When("clicks on Login button")
public void clicks_on_login_button() {
    // Write code here that turns the phrase above into concrete actions
    throw new io.cucumber.java.PendingException();
}
@Then("Dashboard should be displayed")
public void dashboard_should_be_displayed() {
    // Write code here that turns the phrase above into concrete actions
    throw new io.cucumber.java.PendingException();
}
@When("user should navigate to add customer page")
public void user_should_navigate_to_add_customer_page() {
    // Write code here that turns the phrase above into concrete actions
    throw new io.cucumber.java.PendingException();
}
@When("Capture customer number")
public void capture_customer_number() {
    // Write code here that turns the phrase above into concrete actions
    throw new io.cucumber.java.PendingException();
}
@When("user enter customer details {string},{string},{string},{string},{string},{string},{string},{string},{string}")
public void user_enter_customer_details(String string, String string2, String string3, String string4, String string5, String string6, String string7, String string8, String string9) {
    // Write code here that turns the phrase above into concrete actions
    throw new io.cucumber.java.PendingException();
}
@When("user click add button")
public void user_click_add_button() {
    // Write code here that turns the phrase above into concrete actions
    throw new io.cucumber.java.PendingException();
}
@When("user click confirm ok")
public void user_click_confirm_ok() {
    // Write code here that turns the phrase above into concrete actions
    throw new io.cucumber.java.PendingException();
}
@When("user click alert ok button")
public void user_click_alert_ok_button() {
    // Write code here that turns the phrase above into concrete actions
    throw new io.cucumber.java.PendingException();
}
@When("user should search for customer number")
public void user_should_search_for_customer_number() {
    // Write code here that turns the phrase above into concrete actions
    throw new io.cucumber.java.PendingException();
}
@Then("user should validate customer number in table")
public void user_should_validate_customer_number_in_table() {
    // Write code here that turns the phrase above into concrete actions
    throw new io.cucumber.java.PendingException();
}
@When("user close browser")
public void user_close_browser() {
    // Write code here that turns the phrase above into concrete actions
    throw new io.cucumber.java.PendingException();
}

at ✽.User is on the Login Page(file:///C:/Users/mmast/eclipse-workspace/ERP_Cucumber/./featurefiles/ERP.feature:6)
]]>
    </error>
  </testcase> <!-- runScenario -->
  <testcase classname="testRunner.AppTest" name="runScenario" time="0.011">
    <error message="The step &#039;User is on the Login Page&#039; and 12 other step(s) are undefined.
You can implement these steps using the snippet(s) below:

@Given(&quot;User is on the Login Page&quot;)
public void user_is_on_the_login_page() {
    // Write code here that turns the phrase above into concrete actions
    throw new io.cucumber.java.PendingException();
}
@When(&quot;User enters username {string} and password {string}&quot;)
public void user_enters_username_and_password(String string, String string2) {
    // Write code here that turns the phrase above into concrete actions
    throw new io.cucumber.java.PendingException();
}
@When(&quot;clicks on Login button&quot;)
public void clicks_on_login_button() {
    // Write code here that turns the phrase above into concrete actions
    throw new io.cucumber.java.PendingException();
}
@Then(&quot;Dashboard should be displayed&quot;)
public void dashboard_should_be_displayed() {
    // Write code here that turns the phrase above into concrete actions
    throw new io.cucumber.java.PendingException();
}
@When(&quot;user should navigate to add supplier page&quot;)
public void user_should_navigate_to_add_supplier_page() {
    // Write code here that turns the phrase above into concrete actions
    throw new io.cucumber.java.PendingException();
}
@When(&quot;Capture Supplier number&quot;)
public void capture_supplier_number() {
    // Write code here that turns the phrase above into concrete actions
    throw new io.cucumber.java.PendingException();
}
@When(&quot;user enter supplier details {string},{string},{string},{string},{string},{string},{string},{string},{string}&quot;)
public void user_enter_supplier_details(String string, String string2, String string3, String string4, String string5, String string6, String string7, String string8, String string9) {
    // Write code here that turns the phrase above into concrete actions
    throw new io.cucumber.java.PendingException();
}
@When(&quot;user click add button&quot;)
public void user_click_add_button() {
    // Write code here that turns the phrase above into concrete actions
    throw new io.cucumber.java.PendingException();
}
@When(&quot;user click confirm ok&quot;)
public void user_click_confirm_ok() {
    // Write code here that turns the phrase above into concrete actions
    throw new io.cucumber.java.PendingException();
}
@When(&quot;user click alert ok button&quot;)
public void user_click_alert_ok_button() {
    // Write code here that turns the phrase above into concrete actions
    throw new io.cucumber.java.PendingException();
}
@When(&quot;user should search for supplier number&quot;)
public void user_should_search_for_supplier_number() {
    // Write code here that turns the phrase above into concrete actions
    throw new io.cucumber.java.PendingException();
}
@Then(&quot;user should validate supplier number in table&quot;)
public void user_should_validate_supplier_number_in_table() {
    // Write code here that turns the phrase above into concrete actions
    throw new io.cucumber.java.PendingException();
}
@When(&quot;user close browser&quot;)
public void user_close_browser() {
    // Write code here that turns the phrase above into concrete actions
    throw new io.cucumber.java.PendingException();
}
" type="io.cucumber.testng.UndefinedStepException">
      <![CDATA[io.cucumber.testng.UndefinedStepException: The step 'User is on the Login Page' and 12 other step(s) are undefined.
You can implement these steps using the snippet(s) below:

@Given("User is on the Login Page")
public void user_is_on_the_login_page() {
    // Write code here that turns the phrase above into concrete actions
    throw new io.cucumber.java.PendingException();
}
@When("User enters username {string} and password {string}")
public void user_enters_username_and_password(String string, String string2) {
    // Write code here that turns the phrase above into concrete actions
    throw new io.cucumber.java.PendingException();
}
@When("clicks on Login button")
public void clicks_on_login_button() {
    // Write code here that turns the phrase above into concrete actions
    throw new io.cucumber.java.PendingException();
}
@Then("Dashboard should be displayed")
public void dashboard_should_be_displayed() {
    // Write code here that turns the phrase above into concrete actions
    throw new io.cucumber.java.PendingException();
}
@When("user should navigate to add supplier page")
public void user_should_navigate_to_add_supplier_page() {
    // Write code here that turns the phrase above into concrete actions
    throw new io.cucumber.java.PendingException();
}
@When("Capture Supplier number")
public void capture_supplier_number() {
    // Write code here that turns the phrase above into concrete actions
    throw new io.cucumber.java.PendingException();
}
@When("user enter supplier details {string},{string},{string},{string},{string},{string},{string},{string},{string}")
public void user_enter_supplier_details(String string, String string2, String string3, String string4, String string5, String string6, String string7, String string8, String string9) {
    // Write code here that turns the phrase above into concrete actions
    throw new io.cucumber.java.PendingException();
}
@When("user click add button")
public void user_click_add_button() {
    // Write code here that turns the phrase above into concrete actions
    throw new io.cucumber.java.PendingException();
}
@When("user click confirm ok")
public void user_click_confirm_ok() {
    // Write code here that turns the phrase above into concrete actions
    throw new io.cucumber.java.PendingException();
}
@When("user click alert ok button")
public void user_click_alert_ok_button() {
    // Write code here that turns the phrase above into concrete actions
    throw new io.cucumber.java.PendingException();
}
@When("user should search for supplier number")
public void user_should_search_for_supplier_number() {
    // Write code here that turns the phrase above into concrete actions
    throw new io.cucumber.java.PendingException();
}
@Then("user should validate supplier number in table")
public void user_should_validate_supplier_number_in_table() {
    // Write code here that turns the phrase above into concrete actions
    throw new io.cucumber.java.PendingException();
}
@When("user close browser")
public void user_close_browser() {
    // Write code here that turns the phrase above into concrete actions
    throw new io.cucumber.java.PendingException();
}

at ✽.User is on the Login Page(file:///C:/Users/mmast/eclipse-workspace/ERP_Cucumber/./featurefiles/ERP.feature:6)
]]>
    </error>
  </testcase> <!-- runScenario -->
  <testcase classname="testRunner.AppTest" name="runScenario" time="0.009">
    <error message="The step &#039;User is on the Login Page&#039; and 12 other step(s) are undefined.
You can implement these steps using the snippet(s) below:

@Given(&quot;User is on the Login Page&quot;)
public void user_is_on_the_login_page() {
    // Write code here that turns the phrase above into concrete actions
    throw new io.cucumber.java.PendingException();
}
@When(&quot;User enters username {string} and password {string}&quot;)
public void user_enters_username_and_password(String string, String string2) {
    // Write code here that turns the phrase above into concrete actions
    throw new io.cucumber.java.PendingException();
}
@When(&quot;clicks on Login button&quot;)
public void clicks_on_login_button() {
    // Write code here that turns the phrase above into concrete actions
    throw new io.cucumber.java.PendingException();
}
@Then(&quot;Dashboard should be displayed&quot;)
public void dashboard_should_be_displayed() {
    // Write code here that turns the phrase above into concrete actions
    throw new io.cucumber.java.PendingException();
}
@When(&quot;user should navigate to add customer page&quot;)
public void user_should_navigate_to_add_customer_page() {
    // Write code here that turns the phrase above into concrete actions
    throw new io.cucumber.java.PendingException();
}
@When(&quot;Capture customer number&quot;)
public void capture_customer_number() {
    // Write code here that turns the phrase above into concrete actions
    throw new io.cucumber.java.PendingException();
}
@When(&quot;user enter customer details {string},{string},{string},{string},{string},{string},{string},{string},{string}&quot;)
public void user_enter_customer_details(String string, String string2, String string3, String string4, String string5, String string6, String string7, String string8, String string9) {
    // Write code here that turns the phrase above into concrete actions
    throw new io.cucumber.java.PendingException();
}
@When(&quot;user click add button&quot;)
public void user_click_add_button() {
    // Write code here that turns the phrase above into concrete actions
    throw new io.cucumber.java.PendingException();
}
@When(&quot;user click confirm ok&quot;)
public void user_click_confirm_ok() {
    // Write code here that turns the phrase above into concrete actions
    throw new io.cucumber.java.PendingException();
}
@When(&quot;user click alert ok button&quot;)
public void user_click_alert_ok_button() {
    // Write code here that turns the phrase above into concrete actions
    throw new io.cucumber.java.PendingException();
}
@When(&quot;user should search for customer number&quot;)
public void user_should_search_for_customer_number() {
    // Write code here that turns the phrase above into concrete actions
    throw new io.cucumber.java.PendingException();
}
@Then(&quot;user should validate customer number in table&quot;)
public void user_should_validate_customer_number_in_table() {
    // Write code here that turns the phrase above into concrete actions
    throw new io.cucumber.java.PendingException();
}
@When(&quot;user close browser&quot;)
public void user_close_browser() {
    // Write code here that turns the phrase above into concrete actions
    throw new io.cucumber.java.PendingException();
}
" type="io.cucumber.testng.UndefinedStepException">
      <![CDATA[io.cucumber.testng.UndefinedStepException: The step 'User is on the Login Page' and 12 other step(s) are undefined.
You can implement these steps using the snippet(s) below:

@Given("User is on the Login Page")
public void user_is_on_the_login_page() {
    // Write code here that turns the phrase above into concrete actions
    throw new io.cucumber.java.PendingException();
}
@When("User enters username {string} and password {string}")
public void user_enters_username_and_password(String string, String string2) {
    // Write code here that turns the phrase above into concrete actions
    throw new io.cucumber.java.PendingException();
}
@When("clicks on Login button")
public void clicks_on_login_button() {
    // Write code here that turns the phrase above into concrete actions
    throw new io.cucumber.java.PendingException();
}
@Then("Dashboard should be displayed")
public void dashboard_should_be_displayed() {
    // Write code here that turns the phrase above into concrete actions
    throw new io.cucumber.java.PendingException();
}
@When("user should navigate to add customer page")
public void user_should_navigate_to_add_customer_page() {
    // Write code here that turns the phrase above into concrete actions
    throw new io.cucumber.java.PendingException();
}
@When("Capture customer number")
public void capture_customer_number() {
    // Write code here that turns the phrase above into concrete actions
    throw new io.cucumber.java.PendingException();
}
@When("user enter customer details {string},{string},{string},{string},{string},{string},{string},{string},{string}")
public void user_enter_customer_details(String string, String string2, String string3, String string4, String string5, String string6, String string7, String string8, String string9) {
    // Write code here that turns the phrase above into concrete actions
    throw new io.cucumber.java.PendingException();
}
@When("user click add button")
public void user_click_add_button() {
    // Write code here that turns the phrase above into concrete actions
    throw new io.cucumber.java.PendingException();
}
@When("user click confirm ok")
public void user_click_confirm_ok() {
    // Write code here that turns the phrase above into concrete actions
    throw new io.cucumber.java.PendingException();
}
@When("user click alert ok button")
public void user_click_alert_ok_button() {
    // Write code here that turns the phrase above into concrete actions
    throw new io.cucumber.java.PendingException();
}
@When("user should search for customer number")
public void user_should_search_for_customer_number() {
    // Write code here that turns the phrase above into concrete actions
    throw new io.cucumber.java.PendingException();
}
@Then("user should validate customer number in table")
public void user_should_validate_customer_number_in_table() {
    // Write code here that turns the phrase above into concrete actions
    throw new io.cucumber.java.PendingException();
}
@When("user close browser")
public void user_close_browser() {
    // Write code here that turns the phrase above into concrete actions
    throw new io.cucumber.java.PendingException();
}

at ✽.User is on the Login Page(file:///C:/Users/mmast/eclipse-workspace/ERP_Cucumber/./featurefiles/ERP.feature:6)
]]>
    </error>
  </testcase> <!-- runScenario -->
  <testcase classname="testRunner.AppTest" name="runScenario" time="0.028">
    <error message="The step &#039;User is on the Login Page&#039; and 12 other step(s) are undefined.
You can implement these steps using the snippet(s) below:

@Given(&quot;User is on the Login Page&quot;)
public void user_is_on_the_login_page() {
    // Write code here that turns the phrase above into concrete actions
    throw new io.cucumber.java.PendingException();
}
@When(&quot;User enters username {string} and password {string}&quot;)
public void user_enters_username_and_password(String string, String string2) {
    // Write code here that turns the phrase above into concrete actions
    throw new io.cucumber.java.PendingException();
}
@When(&quot;clicks on Login button&quot;)
public void clicks_on_login_button() {
    // Write code here that turns the phrase above into concrete actions
    throw new io.cucumber.java.PendingException();
}
@Then(&quot;Dashboard should be displayed&quot;)
public void dashboard_should_be_displayed() {
    // Write code here that turns the phrase above into concrete actions
    throw new io.cucumber.java.PendingException();
}
@When(&quot;user should navigate to add supplier page&quot;)
public void user_should_navigate_to_add_supplier_page() {
    // Write code here that turns the phrase above into concrete actions
    throw new io.cucumber.java.PendingException();
}
@When(&quot;Capture Supplier number&quot;)
public void capture_supplier_number() {
    // Write code here that turns the phrase above into concrete actions
    throw new io.cucumber.java.PendingException();
}
@When(&quot;user enter supplier details {string},{string},{string},{string},{string},{string},{string},{string},{string}&quot;)
public void user_enter_supplier_details(String string, String string2, String string3, String string4, String string5, String string6, String string7, String string8, String string9) {
    // Write code here that turns the phrase above into concrete actions
    throw new io.cucumber.java.PendingException();
}
@When(&quot;user click add button&quot;)
public void user_click_add_button() {
    // Write code here that turns the phrase above into concrete actions
    throw new io.cucumber.java.PendingException();
}
@When(&quot;user click confirm ok&quot;)
public void user_click_confirm_ok() {
    // Write code here that turns the phrase above into concrete actions
    throw new io.cucumber.java.PendingException();
}
@When(&quot;user click alert ok button&quot;)
public void user_click_alert_ok_button() {
    // Write code here that turns the phrase above into concrete actions
    throw new io.cucumber.java.PendingException();
}
@When(&quot;user should search for supplier number&quot;)
public void user_should_search_for_supplier_number() {
    // Write code here that turns the phrase above into concrete actions
    throw new io.cucumber.java.PendingException();
}
@Then(&quot;user should validate supplier number in table&quot;)
public void user_should_validate_supplier_number_in_table() {
    // Write code here that turns the phrase above into concrete actions
    throw new io.cucumber.java.PendingException();
}
@When(&quot;user close browser&quot;)
public void user_close_browser() {
    // Write code here that turns the phrase above into concrete actions
    throw new io.cucumber.java.PendingException();
}
" type="io.cucumber.testng.UndefinedStepException">
      <![CDATA[io.cucumber.testng.UndefinedStepException: The step 'User is on the Login Page' and 12 other step(s) are undefined.
You can implement these steps using the snippet(s) below:

@Given("User is on the Login Page")
public void user_is_on_the_login_page() {
    // Write code here that turns the phrase above into concrete actions
    throw new io.cucumber.java.PendingException();
}
@When("User enters username {string} and password {string}")
public void user_enters_username_and_password(String string, String string2) {
    // Write code here that turns the phrase above into concrete actions
    throw new io.cucumber.java.PendingException();
}
@When("clicks on Login button")
public void clicks_on_login_button() {
    // Write code here that turns the phrase above into concrete actions
    throw new io.cucumber.java.PendingException();
}
@Then("Dashboard should be displayed")
public void dashboard_should_be_displayed() {
    // Write code here that turns the phrase above into concrete actions
    throw new io.cucumber.java.PendingException();
}
@When("user should navigate to add supplier page")
public void user_should_navigate_to_add_supplier_page() {
    // Write code here that turns the phrase above into concrete actions
    throw new io.cucumber.java.PendingException();
}
@When("Capture Supplier number")
public void capture_supplier_number() {
    // Write code here that turns the phrase above into concrete actions
    throw new io.cucumber.java.PendingException();
}
@When("user enter supplier details {string},{string},{string},{string},{string},{string},{string},{string},{string}")
public void user_enter_supplier_details(String string, String string2, String string3, String string4, String string5, String string6, String string7, String string8, String string9) {
    // Write code here that turns the phrase above into concrete actions
    throw new io.cucumber.java.PendingException();
}
@When("user click add button")
public void user_click_add_button() {
    // Write code here that turns the phrase above into concrete actions
    throw new io.cucumber.java.PendingException();
}
@When("user click confirm ok")
public void user_click_confirm_ok() {
    // Write code here that turns the phrase above into concrete actions
    throw new io.cucumber.java.PendingException();
}
@When("user click alert ok button")
public void user_click_alert_ok_button() {
    // Write code here that turns the phrase above into concrete actions
    throw new io.cucumber.java.PendingException();
}
@When("user should search for supplier number")
public void user_should_search_for_supplier_number() {
    // Write code here that turns the phrase above into concrete actions
    throw new io.cucumber.java.PendingException();
}
@Then("user should validate supplier number in table")
public void user_should_validate_supplier_number_in_table() {
    // Write code here that turns the phrase above into concrete actions
    throw new io.cucumber.java.PendingException();
}
@When("user close browser")
public void user_close_browser() {
    // Write code here that turns the phrase above into concrete actions
    throw new io.cucumber.java.PendingException();
}

at ✽.User is on the Login Page(file:///C:/Users/mmast/eclipse-workspace/ERP_Cucumber/./featurefiles/ERP.feature:6)
]]>
    </error>
  </testcase> <!-- runScenario -->
  <testcase classname="testRunner.AppTest" name="runScenario" time="0.011">
    <error message="The step &#039;User is on the Login Page&#039; and 12 other step(s) are undefined.
You can implement these steps using the snippet(s) below:

@Given(&quot;User is on the Login Page&quot;)
public void user_is_on_the_login_page() {
    // Write code here that turns the phrase above into concrete actions
    throw new io.cucumber.java.PendingException();
}
@When(&quot;User enters username {string} and password {string}&quot;)
public void user_enters_username_and_password(String string, String string2) {
    // Write code here that turns the phrase above into concrete actions
    throw new io.cucumber.java.PendingException();
}
@When(&quot;clicks on Login button&quot;)
public void clicks_on_login_button() {
    // Write code here that turns the phrase above into concrete actions
    throw new io.cucumber.java.PendingException();
}
@Then(&quot;Dashboard should be displayed&quot;)
public void dashboard_should_be_displayed() {
    // Write code here that turns the phrase above into concrete actions
    throw new io.cucumber.java.PendingException();
}
@When(&quot;user should navigate to add supplier page&quot;)
public void user_should_navigate_to_add_supplier_page() {
    // Write code here that turns the phrase above into concrete actions
    throw new io.cucumber.java.PendingException();
}
@When(&quot;Capture Supplier number&quot;)
public void capture_supplier_number() {
    // Write code here that turns the phrase above into concrete actions
    throw new io.cucumber.java.PendingException();
}
@When(&quot;user enter supplier details {string},{string},{string},{string},{string},{string},{string},{string},{string}&quot;)
public void user_enter_supplier_details(String string, String string2, String string3, String string4, String string5, String string6, String string7, String string8, String string9) {
    // Write code here that turns the phrase above into concrete actions
    throw new io.cucumber.java.PendingException();
}
@When(&quot;user click add button&quot;)
public void user_click_add_button() {
    // Write code here that turns the phrase above into concrete actions
    throw new io.cucumber.java.PendingException();
}
@When(&quot;user click confirm ok&quot;)
public void user_click_confirm_ok() {
    // Write code here that turns the phrase above into concrete actions
    throw new io.cucumber.java.PendingException();
}
@When(&quot;user click alert ok button&quot;)
public void user_click_alert_ok_button() {
    // Write code here that turns the phrase above into concrete actions
    throw new io.cucumber.java.PendingException();
}
@When(&quot;user should search for supplier number&quot;)
public void user_should_search_for_supplier_number() {
    // Write code here that turns the phrase above into concrete actions
    throw new io.cucumber.java.PendingException();
}
@Then(&quot;user should validate supplier number in table&quot;)
public void user_should_validate_supplier_number_in_table() {
    // Write code here that turns the phrase above into concrete actions
    throw new io.cucumber.java.PendingException();
}
@When(&quot;user close browser&quot;)
public void user_close_browser() {
    // Write code here that turns the phrase above into concrete actions
    throw new io.cucumber.java.PendingException();
}
" type="io.cucumber.testng.UndefinedStepException">
      <![CDATA[io.cucumber.testng.UndefinedStepException: The step 'User is on the Login Page' and 12 other step(s) are undefined.
You can implement these steps using the snippet(s) below:

@Given("User is on the Login Page")
public void user_is_on_the_login_page() {
    // Write code here that turns the phrase above into concrete actions
    throw new io.cucumber.java.PendingException();
}
@When("User enters username {string} and password {string}")
public void user_enters_username_and_password(String string, String string2) {
    // Write code here that turns the phrase above into concrete actions
    throw new io.cucumber.java.PendingException();
}
@When("clicks on Login button")
public void clicks_on_login_button() {
    // Write code here that turns the phrase above into concrete actions
    throw new io.cucumber.java.PendingException();
}
@Then("Dashboard should be displayed")
public void dashboard_should_be_displayed() {
    // Write code here that turns the phrase above into concrete actions
    throw new io.cucumber.java.PendingException();
}
@When("user should navigate to add supplier page")
public void user_should_navigate_to_add_supplier_page() {
    // Write code here that turns the phrase above into concrete actions
    throw new io.cucumber.java.PendingException();
}
@When("Capture Supplier number")
public void capture_supplier_number() {
    // Write code here that turns the phrase above into concrete actions
    throw new io.cucumber.java.PendingException();
}
@When("user enter supplier details {string},{string},{string},{string},{string},{string},{string},{string},{string}")
public void user_enter_supplier_details(String string, String string2, String string3, String string4, String string5, String string6, String string7, String string8, String string9) {
    // Write code here that turns the phrase above into concrete actions
    throw new io.cucumber.java.PendingException();
}
@When("user click add button")
public void user_click_add_button() {
    // Write code here that turns the phrase above into concrete actions
    throw new io.cucumber.java.PendingException();
}
@When("user click confirm ok")
public void user_click_confirm_ok() {
    // Write code here that turns the phrase above into concrete actions
    throw new io.cucumber.java.PendingException();
}
@When("user click alert ok button")
public void user_click_alert_ok_button() {
    // Write code here that turns the phrase above into concrete actions
    throw new io.cucumber.java.PendingException();
}
@When("user should search for supplier number")
public void user_should_search_for_supplier_number() {
    // Write code here that turns the phrase above into concrete actions
    throw new io.cucumber.java.PendingException();
}
@Then("user should validate supplier number in table")
public void user_should_validate_supplier_number_in_table() {
    // Write code here that turns the phrase above into concrete actions
    throw new io.cucumber.java.PendingException();
}
@When("user close browser")
public void user_close_browser() {
    // Write code here that turns the phrase above into concrete actions
    throw new io.cucumber.java.PendingException();
}

at ✽.User is on the Login Page(file:///C:/Users/mmast/eclipse-workspace/ERP_Cucumber/./featurefiles/ERP.feature:6)
]]>
    </error>
  </testcase> <!-- runScenario -->
  <testcase classname="testRunner.AppTest" name="runScenario" time="0.115">
    <error message="The step &#039;User is on the Login Page&#039; and 12 other step(s) are undefined.
You can implement these steps using the snippet(s) below:

@Given(&quot;User is on the Login Page&quot;)
public void user_is_on_the_login_page() {
    // Write code here that turns the phrase above into concrete actions
    throw new io.cucumber.java.PendingException();
}
@When(&quot;User enters username {string} and password {string}&quot;)
public void user_enters_username_and_password(String string, String string2) {
    // Write code here that turns the phrase above into concrete actions
    throw new io.cucumber.java.PendingException();
}
@When(&quot;clicks on Login button&quot;)
public void clicks_on_login_button() {
    // Write code here that turns the phrase above into concrete actions
    throw new io.cucumber.java.PendingException();
}
@Then(&quot;Dashboard should be displayed&quot;)
public void dashboard_should_be_displayed() {
    // Write code here that turns the phrase above into concrete actions
    throw new io.cucumber.java.PendingException();
}
@When(&quot;user should navigate to add supplier page&quot;)
public void user_should_navigate_to_add_supplier_page() {
    // Write code here that turns the phrase above into concrete actions
    throw new io.cucumber.java.PendingException();
}
@When(&quot;Capture Supplier number&quot;)
public void capture_supplier_number() {
    // Write code here that turns the phrase above into concrete actions
    throw new io.cucumber.java.PendingException();
}
@When(&quot;user enter supplier details {string},{string},{string},{string},{string},{string},{string},{string},{string}&quot;)
public void user_enter_supplier_details(String string, String string2, String string3, String string4, String string5, String string6, String string7, String string8, String string9) {
    // Write code here that turns the phrase above into concrete actions
    throw new io.cucumber.java.PendingException();
}
@When(&quot;user click add button&quot;)
public void user_click_add_button() {
    // Write code here that turns the phrase above into concrete actions
    throw new io.cucumber.java.PendingException();
}
@When(&quot;user click confirm ok&quot;)
public void user_click_confirm_ok() {
    // Write code here that turns the phrase above into concrete actions
    throw new io.cucumber.java.PendingException();
}
@When(&quot;user click alert ok button&quot;)
public void user_click_alert_ok_button() {
    // Write code here that turns the phrase above into concrete actions
    throw new io.cucumber.java.PendingException();
}
@When(&quot;user should search for supplier number&quot;)
public void user_should_search_for_supplier_number() {
    // Write code here that turns the phrase above into concrete actions
    throw new io.cucumber.java.PendingException();
}
@Then(&quot;user should validate supplier number in table&quot;)
public void user_should_validate_supplier_number_in_table() {
    // Write code here that turns the phrase above into concrete actions
    throw new io.cucumber.java.PendingException();
}
@When(&quot;user close browser&quot;)
public void user_close_browser() {
    // Write code here that turns the phrase above into concrete actions
    throw new io.cucumber.java.PendingException();
}
" type="io.cucumber.testng.UndefinedStepException">
      <![CDATA[io.cucumber.testng.UndefinedStepException: The step 'User is on the Login Page' and 12 other step(s) are undefined.
You can implement these steps using the snippet(s) below:

@Given("User is on the Login Page")
public void user_is_on_the_login_page() {
    // Write code here that turns the phrase above into concrete actions
    throw new io.cucumber.java.PendingException();
}
@When("User enters username {string} and password {string}")
public void user_enters_username_and_password(String string, String string2) {
    // Write code here that turns the phrase above into concrete actions
    throw new io.cucumber.java.PendingException();
}
@When("clicks on Login button")
public void clicks_on_login_button() {
    // Write code here that turns the phrase above into concrete actions
    throw new io.cucumber.java.PendingException();
}
@Then("Dashboard should be displayed")
public void dashboard_should_be_displayed() {
    // Write code here that turns the phrase above into concrete actions
    throw new io.cucumber.java.PendingException();
}
@When("user should navigate to add supplier page")
public void user_should_navigate_to_add_supplier_page() {
    // Write code here that turns the phrase above into concrete actions
    throw new io.cucumber.java.PendingException();
}
@When("Capture Supplier number")
public void capture_supplier_number() {
    // Write code here that turns the phrase above into concrete actions
    throw new io.cucumber.java.PendingException();
}
@When("user enter supplier details {string},{string},{string},{string},{string},{string},{string},{string},{string}")
public void user_enter_supplier_details(String string, String string2, String string3, String string4, String string5, String string6, String string7, String string8, String string9) {
    // Write code here that turns the phrase above into concrete actions
    throw new io.cucumber.java.PendingException();
}
@When("user click add button")
public void user_click_add_button() {
    // Write code here that turns the phrase above into concrete actions
    throw new io.cucumber.java.PendingException();
}
@When("user click confirm ok")
public void user_click_confirm_ok() {
    // Write code here that turns the phrase above into concrete actions
    throw new io.cucumber.java.PendingException();
}
@When("user click alert ok button")
public void user_click_alert_ok_button() {
    // Write code here that turns the phrase above into concrete actions
    throw new io.cucumber.java.PendingException();
}
@When("user should search for supplier number")
public void user_should_search_for_supplier_number() {
    // Write code here that turns the phrase above into concrete actions
    throw new io.cucumber.java.PendingException();
}
@Then("user should validate supplier number in table")
public void user_should_validate_supplier_number_in_table() {
    // Write code here that turns the phrase above into concrete actions
    throw new io.cucumber.java.PendingException();
}
@When("user close browser")
public void user_close_browser() {
    // Write code here that turns the phrase above into concrete actions
    throw new io.cucumber.java.PendingException();
}

at ✽.User is on the Login Page(file:///C:/Users/mmast/eclipse-workspace/ERP_Cucumber/./featurefiles/ERP.feature:6)
]]>
    </error>
  </testcase> <!-- runScenario -->
</testsuite> <!-- testRunner.AppTest -->
